000 (9542174.002.000) 04/09 09:37:30 Job submitted from host: <188.185.114.121:9618?addrs=188.185.114.121-9618+[2001-1458-d00-a--100-273]-9618&alias=bigbird19.cern.ch&noUDP&sock=schedd_1932_c510>
...
040 (9542174.002.000) 04/09 09:44:19 Started transferring input files
	Transferring to host: <188.184.163.117:9618?addrs=188.184.163.117-9618+[2001-1458-301-4d--100-6f]-9618&alias=b9s12p8666.cern.ch&noUDP&sock=slot1_48_269310_0200_5994>
...
040 (9542174.002.000) 04/09 09:44:19 Finished transferring input files
...
001 (9542174.002.000) 04/09 09:44:20 Job executing on host: <188.184.163.117:9618?addrs=188.184.163.117-9618+[2001-1458-301-4d--100-6f]-9618&alias=b9s12p8666.cern.ch&noUDP&sock=startd_6007_e17e>
...
006 (9542174.002.000) 04/09 09:44:29 Image size of job updated: 104688
	102  -  MemoryUsage of job (MB)
	104264  -  ResidentSetSize of job (KB)
...
006 (9542174.002.000) 04/09 09:49:30 Image size of job updated: 120996
	118  -  MemoryUsage of job (MB)
	120160  -  ResidentSetSize of job (KB)
...
006 (9542174.002.000) 04/09 09:54:30 Image size of job updated: 120996
	118  -  MemoryUsage of job (MB)
	120192  -  ResidentSetSize of job (KB)
...
006 (9542174.002.000) 04/09 09:59:30 Image size of job updated: 120996
	118  -  MemoryUsage of job (MB)
	120244  -  ResidentSetSize of job (KB)
...
006 (9542174.002.000) 04/09 10:04:31 Image size of job updated: 120996
	118  -  MemoryUsage of job (MB)
	120296  -  ResidentSetSize of job (KB)
...
006 (9542174.002.000) 04/09 10:09:32 Image size of job updated: 120996
	118  -  MemoryUsage of job (MB)
	120348  -  ResidentSetSize of job (KB)
...
006 (9542174.002.000) 04/09 10:14:32 Image size of job updated: 120996
	118  -  MemoryUsage of job (MB)
	120404  -  ResidentSetSize of job (KB)
...
006 (9542174.002.000) 04/09 10:19:32 Image size of job updated: 123404
	120  -  MemoryUsage of job (MB)
	122660  -  ResidentSetSize of job (KB)
...
