000 (9542177.002.000) 04/09 09:37:34 Job submitted from host: <188.185.114.121:9618?addrs=188.185.114.121-9618+[2001-1458-d00-a--100-273]-9618&alias=bigbird19.cern.ch&noUDP&sock=schedd_1932_c510>
...
040 (9542177.002.000) 04/09 09:44:21 Started transferring input files
	Transferring to host: <128.142.60.144:9618?addrs=128.142.60.144-9618+[2001-1458-301-22--100-8f]-9618&alias=b9s05p4462.cern.ch&noUDP&sock=slot1_43_4022_9cdd_17428>
...
040 (9542177.002.000) 04/09 09:44:21 Finished transferring input files
...
001 (9542177.002.000) 04/09 09:44:22 Job executing on host: <128.142.60.144:9618?addrs=128.142.60.144-9618+[2001-1458-301-22--100-8f]-9618&alias=b9s05p4462.cern.ch&noUDP&sock=startd_3288_df7c>
...
006 (9542177.002.000) 04/09 09:44:30 Image size of job updated: 102516
	100  -  MemoryUsage of job (MB)
	102300  -  ResidentSetSize of job (KB)
...
006 (9542177.002.000) 04/09 09:49:30 Image size of job updated: 123628
	120  -  MemoryUsage of job (MB)
	122420  -  ResidentSetSize of job (KB)
...
006 (9542177.002.000) 04/09 09:54:31 Image size of job updated: 123628
	120  -  MemoryUsage of job (MB)
	122440  -  ResidentSetSize of job (KB)
...
006 (9542177.002.000) 04/09 09:59:32 Image size of job updated: 123628
	120  -  MemoryUsage of job (MB)
	122496  -  ResidentSetSize of job (KB)
...
006 (9542177.002.000) 04/09 10:04:32 Image size of job updated: 123628
	120  -  MemoryUsage of job (MB)
	122552  -  ResidentSetSize of job (KB)
...
006 (9542177.002.000) 04/09 10:09:33 Image size of job updated: 123628
	120  -  MemoryUsage of job (MB)
	122852  -  ResidentSetSize of job (KB)
...
006 (9542177.002.000) 04/09 10:19:34 Image size of job updated: 125252
	122  -  MemoryUsage of job (MB)
	124416  -  ResidentSetSize of job (KB)
...
