000 (9542181.000.000) 04/09 09:37:38 Job submitted from host: <188.185.114.121:9618?addrs=188.185.114.121-9618+[2001-1458-d00-a--100-273]-9618&alias=bigbird19.cern.ch&noUDP&sock=schedd_1932_c510>
...
040 (9542181.000.000) 04/09 09:45:59 Started transferring input files
	Transferring to host: <128.142.161.75:9618?addrs=128.142.161.75-9618&alias=b9g03p5635.cern.ch&noUDP&sock=slot1_37_2333359_403e_5682>
...
040 (9542181.000.000) 04/09 09:45:59 Finished transferring input files
...
001 (9542181.000.000) 04/09 09:46:00 Job executing on host: <128.142.161.75:9618?addrs=128.142.161.75-9618&alias=b9g03p5635.cern.ch&noUDP&sock=startd_4950_dde3>
...
006 (9542181.000.000) 04/09 09:46:09 Image size of job updated: 355668
	347  -  MemoryUsage of job (MB)
	354928  -  ResidentSetSize of job (KB)
...
006 (9542181.000.000) 04/09 09:51:10 Image size of job updated: 396404
	386  -  MemoryUsage of job (MB)
	395240  -  ResidentSetSize of job (KB)
...
006 (9542181.000.000) 04/09 09:56:11 Image size of job updated: 396404
	386  -  MemoryUsage of job (MB)
	395264  -  ResidentSetSize of job (KB)
...
006 (9542181.000.000) 04/09 10:01:11 Image size of job updated: 396404
	387  -  MemoryUsage of job (MB)
	395316  -  ResidentSetSize of job (KB)
...
006 (9542181.000.000) 04/09 10:06:11 Image size of job updated: 396404
	387  -  MemoryUsage of job (MB)
	395368  -  ResidentSetSize of job (KB)
...
006 (9542181.000.000) 04/09 10:11:12 Image size of job updated: 396404
	387  -  MemoryUsage of job (MB)
	395424  -  ResidentSetSize of job (KB)
...
006 (9542181.000.000) 04/09 10:16:12 Image size of job updated: 396404
	387  -  MemoryUsage of job (MB)
	395476  -  ResidentSetSize of job (KB)
...
006 (9542181.000.000) 04/09 10:21:12 Image size of job updated: 408604
	398  -  MemoryUsage of job (MB)
	407432  -  ResidentSetSize of job (KB)
...
040 (9542181.000.000) 04/09 11:21:38 Started transferring output files
...
040 (9542181.000.000) 04/09 11:21:38 Finished transferring output files
...
007 (9542181.000.000) 04/09 11:21:38 Shadow exception!
	Error from slot1_37@b9g03p5635.cern.ch: STARTER at 128.142.161.75 failed to send file(s) to <188.185.114.121:9618>; SHADOW at 188.185.114.121 failed to write to file /afs/cern.ch/user/c/cbasile/WTau3MuRun3_Analysis/CMSSW_13_0_13/src/Tau3MuAnalysis/PreliminaryStudies/cbasile.cc: (errno 2) No such file or directory
	7632  -  Run Bytes Sent By Job
	10936  -  Run Bytes Received By Job
...
