000 (9542170.002.000) 04/09 09:37:23 Job submitted from host: <188.185.114.121:9618?addrs=188.185.114.121-9618+[2001-1458-d00-a--100-273]-9618&alias=bigbird19.cern.ch&noUDP&sock=schedd_1932_c510>
...
040 (9542170.002.000) 04/09 09:44:14 Started transferring input files
	Transferring to host: <128.142.60.75:9618?addrs=128.142.60.75-9618+[2001-1458-301-22--100-4a]-9618&alias=b9s05p2570.cern.ch&noUDP&sock=slot1_33_2303497_c540_77162>
...
040 (9542170.002.000) 04/09 09:44:14 Finished transferring input files
...
001 (9542170.002.000) 04/09 09:44:15 Job executing on host: <128.142.60.75:9618?addrs=128.142.60.75-9618+[2001-1458-301-22--100-4a]-9618&alias=b9s05p2570.cern.ch&noUDP&sock=startd_3237_e427>
...
006 (9542170.002.000) 04/09 09:44:24 Image size of job updated: 110528
	108  -  MemoryUsage of job (MB)
	110528  -  ResidentSetSize of job (KB)
...
006 (9542170.002.000) 04/09 09:49:25 Image size of job updated: 116552
	113  -  MemoryUsage of job (MB)
	114920  -  ResidentSetSize of job (KB)
...
006 (9542170.002.000) 04/09 09:54:25 Image size of job updated: 116552
	113  -  MemoryUsage of job (MB)
	114952  -  ResidentSetSize of job (KB)
...
006 (9542170.002.000) 04/09 09:59:26 Image size of job updated: 116552
	113  -  MemoryUsage of job (MB)
	115004  -  ResidentSetSize of job (KB)
...
006 (9542170.002.000) 04/09 10:04:27 Image size of job updated: 116552
	113  -  MemoryUsage of job (MB)
	115056  -  ResidentSetSize of job (KB)
...
006 (9542170.002.000) 04/09 10:09:27 Image size of job updated: 116552
	113  -  MemoryUsage of job (MB)
	115104  -  ResidentSetSize of job (KB)
...
006 (9542170.002.000) 04/09 10:14:27 Image size of job updated: 117256
	114  -  MemoryUsage of job (MB)
	116636  -  ResidentSetSize of job (KB)
...
