000 (9542185.000.000) 04/09 09:37:43 Job submitted from host: <188.185.114.121:9618?addrs=188.185.114.121-9618+[2001-1458-d00-a--100-273]-9618&alias=bigbird19.cern.ch&noUDP&sock=schedd_1932_c510>
...
040 (9542185.000.000) 04/09 09:45:56 Started transferring input files
	Transferring to host: <128.142.161.99:9618?addrs=128.142.161.99-9618+[2001-1458-301-b8--100-21]-9618&alias=b9g03p0440.cern.ch&noUDP&sock=slot1_5_3262_1fbe_2488>
...
040 (9542185.000.000) 04/09 09:45:56 Finished transferring input files
...
001 (9542185.000.000) 04/09 09:45:57 Job executing on host: <128.142.161.99:9618?addrs=128.142.161.99-9618+[2001-1458-301-b8--100-21]-9618&alias=b9g03p0440.cern.ch&noUDP&sock=startd_3171_9ee7>
...
006 (9542185.000.000) 04/09 09:46:06 Image size of job updated: 109716
	108  -  MemoryUsage of job (MB)
	109716  -  ResidentSetSize of job (KB)
...
006 (9542185.000.000) 04/09 09:51:07 Image size of job updated: 127008
	123  -  MemoryUsage of job (MB)
	125460  -  ResidentSetSize of job (KB)
...
006 (9542185.000.000) 04/09 09:56:08 Image size of job updated: 127008
	123  -  MemoryUsage of job (MB)
	125464  -  ResidentSetSize of job (KB)
...
006 (9542185.000.000) 04/09 10:01:08 Image size of job updated: 127008
	123  -  MemoryUsage of job (MB)
	125516  -  ResidentSetSize of job (KB)
...
006 (9542185.000.000) 04/09 10:06:08 Image size of job updated: 127008
	123  -  MemoryUsage of job (MB)
	125568  -  ResidentSetSize of job (KB)
...
006 (9542185.000.000) 04/09 10:11:09 Image size of job updated: 127008
	123  -  MemoryUsage of job (MB)
	125616  -  ResidentSetSize of job (KB)
...
006 (9542185.000.000) 04/09 10:16:10 Image size of job updated: 127008
	123  -  MemoryUsage of job (MB)
	125668  -  ResidentSetSize of job (KB)
...
006 (9542185.000.000) 04/09 10:21:10 Image size of job updated: 127684
	124  -  MemoryUsage of job (MB)
	126556  -  ResidentSetSize of job (KB)
...
